<?xml version="1.0" encoding="UTF-8"?>
<testng-results ignored="0" total="1" passed="1" failed="0" skipped="0">
  <reporter-output>
  </reporter-output>
  <suite started-at="2024-01-08T12:20:48 IST" name="Default suite" finished-at="2024-01-08T12:21:01 IST" duration-ms="12574">
    <groups>
    </groups>
    <test started-at="2024-01-08T12:20:48 IST" name="Default test" finished-at="2024-01-08T12:21:01 IST" duration-ms="12574">
      <class name="com.web.test.TestRunner">
        <test-method is-config="true" signature="setUp()[pri:0, instance:com.web.test.TestRunner@4659191b]" started-at="2024-01-08T12:20:48 IST" name="setUp" finished-at="2024-01-08T12:20:51 IST" duration-ms="3029" status="PASS">
          <reporter-output>
          </reporter-output>
        </test-method> <!-- setUp -->
        <test-method signature="tc001()[pri:0, instance:com.web.test.TestRunner@4659191b]" started-at="2024-01-08T12:20:51 IST" name="tc001" finished-at="2024-01-08T12:21:01 IST" duration-ms="9493" status="PASS">
          <reporter-output>
          </reporter-output>
        </test-method> <!-- tc001 -->
      </class> <!-- com.web.test.TestRunner -->
    </test> <!-- Default test -->
  </suite> <!-- Default suite -->
</testng-results>
